<?xml version="1.0" encoding="UTF-8"?>
<testng-results ignored="0" total="1" passed="1" failed="0" skipped="0">
  <reporter-output>
  </reporter-output>
  <suite started-at="2022-11-15T11:19:44 ART" name="Command line suite" finished-at="2022-11-15T11:20:03 ART" duration-ms="18686">
    <groups>
    </groups>
    <test started-at="2022-11-15T11:19:44 ART" name="Command line test" finished-at="2022-11-15T11:20:03 ART" duration-ms="18686">
      <class name="selenium.TestingSearchTest">
        <test-method is-config="true" signature="spinUpDriver()[pri:0, instance:selenium.TestingSearchTest@101df177]" started-at="2022-11-15T11:19:44 ART" name="spinUpDriver" finished-at="2022-11-15T11:19:51 ART" duration-ms="6262" status="PASS">
          <reporter-output>
          </reporter-output>
        </test-method> <!-- spinUpDriver -->
        <test-method signature="testGoogleSearch()[pri:0, instance:selenium.TestingSearchTest@101df177]" started-at="2022-11-15T11:19:51 ART" name="testGoogleSearch" description="Search the word &#039;testing&#039; on google search and check the results." finished-at="2022-11-15T11:20:03 ART" duration-ms="12250" status="PASS">
          <reporter-output>
          </reporter-output>
        </test-method> <!-- testGoogleSearch -->
        <test-method is-config="true" signature="killDriver()[pri:0, instance:selenium.TestingSearchTest@101df177]" started-at="2022-11-15T11:20:03 ART" name="killDriver" finished-at="2022-11-15T11:20:03 ART" duration-ms="162" status="PASS">
          <reporter-output>
          </reporter-output>
        </test-method> <!-- killDriver -->
      </class> <!-- selenium.TestingSearchTest -->
    </test> <!-- Command line test -->
  </suite> <!-- Command line suite -->
</testng-results>
